TN:verilator_coverage
SF:../vc/TestMem_2ports4B.v
DA:26,575
DA:27,0
DA:28,0
DA:29,6
DA:30,0
DA:31,575
DA:40,0
DA:63,1907
DA:64,0
DA:65,0
DA:66,0
DA:67,855
DA:68,0
DA:77,0
DA:105,102275
DA:106,57
DA:109,57
DA:113,10272
DA:114,100
DA:115,0
DA:119,3508
DA:120,0
DA:121,682
DA:125,7680
DA:126,10499
DA:127,1049
DA:131,3356
DA:132,3646
DA:133,816
DA:193,10207
DA:194,6749
DA:195,0
DA:216,3508
DA:217,1950
DA:218,575
DA:243,0
DA:244,0
DA:245,59
DA:246,0
DA:247,0
DA:259,0
DA:260,0
DA:261,0
DA:262,0
DA:263,575
DA:278,6
DA:279,0
DA:281,0
DA:282,0
DA:283,0
DA:284,0
DA:287,57
DA:288,57
DA:294,57
DA:295,2568
DA:296,2568
DA:297,2568
DA:298,2568
DA:299,2568
DA:300,2568
DA:304,2568
DA:305,2568
DA:308,2568
DA:309,10272
DA:317,54
DA:318,54
DA:343,54
DA:344,3125
DA:345,3125
DA:346,3125
DA:347,3125
DA:348,3125
DA:349,3125
DA:350,3125
DA:351,3125
DA:352,3125
DA:370,0
DA:375,0
DA:386,59
DA:389,0
DA:394,0
DA:397,0
DA:400,744
DA:403,0
DA:408,6
DA:411,6
DA:414,828
DA:417,828
DA:423,0
DA:427,1178
DA:434,0
DA:439,0
DA:453,57
DA:454,0
DA:455,0
DA:456,228
DA:457,855
DA:459,0
DA:460,0
DA:464,0
DA:466,0
DA:467,0
DA:469,50425
DA:471,0
DA:472,0
DA:476,609
DA:479,609
DA:480,2436
DA:484,50425
DA:485,0
DA:486,0
DA:487,0
DA:488,0
DA:489,0
DA:493,50425
DA:494,0
DA:495,0
DA:496,0
DA:497,0
DA:498,0
DA:504,51109
DA:513,741
DA:514,741
DA:515,0
DA:516,0
DA:518,741
DA:521,0
DA:522,50368
DA:524,50368
DA:525,0
DA:528,609
DA:529,609
DA:532,50368
DA:533,0
DA:536,50368
DA:537,0
DA:547,1049
DA:559,828
DA:624,51109
DA:625,741
DA:626,0
DA:627,0
DA:628,0
DA:629,0
end_of_record
SF:../vc/TestRandDelay.v
DA:18,204550
DA:19,114
DA:23,0
DA:27,211
DA:28,3084
DA:29,736
DA:33,385
DA:34,100
DA:35,682
DA:44,0
DA:46,102218
DA:47,102218
DA:48,0
DA:50,102218
DA:55,388
DA:56,385
DA:57,0
DA:77,38
DA:88,385
DA:89,385
DA:91,102218
DA:92,1482
DA:93,1482
DA:95,100736
DA:96,100736
DA:104,0
DA:108,0
DA:110,0
DA:116,52065
DA:117,516
DA:118,516
DA:125,3845
DA:126,507
DA:127,507
DA:138,0
DA:140,0
DA:142,52065
DA:143,52065
DA:144,52065
DA:145,52065
DA:146,52065
DA:147,52065
DA:150,3845
DA:151,3845
DA:152,3845
DA:153,3845
DA:154,3845
DA:155,3845
DA:158,0
DA:159,0
DA:160,0
DA:161,0
DA:162,0
DA:163,0
DA:183,102218
DA:184,1482
DA:185,0
DA:186,0
DA:187,0
DA:188,0
DA:189,0
end_of_record
SF:../vc/TestRandDelayMem_2ports4B.v
DA:32,102275
DA:33,57
DA:37,57
DA:41,0
DA:45,8477
DA:46,26816
DA:47,0
DA:51,3376
DA:52,25900
DA:53,736
DA:57,9818
DA:58,10127
DA:59,1481
DA:63,3498
DA:64,3498
DA:65,516
DA:72,10272
DA:73,100
DA:74,0
DA:76,3508
DA:77,0
DA:78,682
DA:81,7680
DA:82,10499
DA:83,1049
DA:85,3356
DA:86,3646
DA:87,816
DA:161,57
DA:162,57
DA:163,57
DA:166,54
DA:167,54
DA:168,54
end_of_record
SF:../vc/TestRandDelaySinkFile.v
DA:17,102275
DA:18,57
DA:22,0
DA:26,100
DA:27,2802
DA:28,22
DA:32,56
DA:39,100
DA:40,95
DA:41,6
DA:75,57
DA:76,57
DA:77,57
end_of_record
SF:../vc/TestRandDelaySourceFile.v
DA:16,102275
DA:17,57
DA:21,0
DA:25,285
DA:26,282
DA:27,6
DA:31,54
DA:38,111
DA:39,282
DA:40,6
DA:54,57
DA:55,57
DA:56,57
end_of_record
SF:../vc/TestSinkFile.v
DA:20,102275
DA:21,57
DA:25,100
DA:26,95
DA:27,6
DA:31,56
DA:52,100
DA:53,0
DA:54,0
DA:55,0
DA:68,57
DA:69,51109
DA:70,51109
DA:71,0
DA:72,57
DA:73,57
DA:76,57
DA:77,51
DA:78,51
DA:79,51
DA:82,51
DA:84,51
DA:85,51
DA:95,0
DA:98,51109
DA:114,100
DA:121,0
DA:122,0
DA:124,6
DA:127,51109
DA:128,741
DA:129,741
DA:131,50
DA:133,50
DA:134,50
DA:135,50
DA:136,50
DA:137,50
DA:139,0
DA:140,0
DA:141,0
DA:142,0
DA:143,0
DA:145,0
DA:146,0
DA:147,0
DA:148,0
DA:149,0
DA:150,0
DA:151,0
DA:152,0
DA:153,0
DA:154,0
DA:155,0
DA:156,0
DA:165,57
DA:166,1
DA:167,1
DA:168,1
DA:169,1
DA:177,51109
DA:178,741
DA:179,0
DA:180,0
end_of_record
SF:../vc/TestSourceFile.v
DA:16,102275
DA:17,57
DA:21,111
DA:22,282
DA:23,6
DA:27,54
DA:49,282
DA:50,0
DA:51,0
DA:52,0
DA:65,57
DA:66,51109
DA:67,51109
DA:69,0
DA:71,57
DA:72,57
DA:74,57
DA:75,57
DA:76,87
DA:77,87
DA:80,87
DA:82,87
DA:83,87
DA:115,138
DA:118,51109
DA:119,798
DA:120,141
DA:133,282
DA:146,51109
DA:147,741
DA:148,0
DA:149,0
end_of_record
SF:../vc/arithmetic.v
DA:16,40
DA:17,792
DA:18,0
DA:19,554
DA:20,1036
DA:69,80
DA:70,42
DA:136,8
DA:137,458
DA:138,3457
end_of_record
SF:../vc/mem-msgs.v
DA:89,613650
DA:90,342
DA:91,37486
DA:92,105532
DA:93,0
DA:96,0
DA:98,0
DA:100,36
DA:102,0
DA:104,8
DA:116,0
DA:311,613650
DA:312,342
DA:313,37668
DA:314,41395
DA:315,0
DA:319,0
DA:321,0
DA:323,0
DA:325,0
DA:327,2019
DA:339,0
end_of_record
SF:../vc/muxes.v
DA:16,184
DA:17,34
DA:18,184
DA:21,0
DA:22,0
DA:23,0
DA:24,150
DA:25,10518
DA:26,0
DA:40,12
DA:41,151
DA:42,538
DA:45,0
DA:46,0
DA:47,0
DA:48,106542
DA:49,3418
DA:50,10955
DA:51,0
DA:65,10
DA:66,6
DA:67,2
DA:70,0
DA:71,0
DA:72,0
DA:73,15377
DA:74,126
DA:75,1
DA:76,3
DA:77,0
end_of_record
SF:../vc/queues.v
DA:38,204550
DA:39,114
DA:41,13780
DA:42,100
DA:44,13715
DA:45,8699
DA:47,10620
DA:48,10599
DA:49,10599
DA:54,10599
DA:55,10617
DA:57,102218
DA:58,102218
DA:70,13780
DA:73,13815
DA:79,10599
DA:82,1596
DA:85,0
DA:124,102275
DA:125,57
DA:126,100
DA:127,100
DA:128,682
DA:129,575
DA:134,575
DA:185,38
DA:187,6578
DA:188,0
DA:190,4781
DA:191,21010
DA:193,4056
DA:194,2096
DA:195,2081
DA:196,4035
DA:197,4035
DA:202,2096
DA:203,2102
DA:213,2081
DA:214,2096
DA:229,0
DA:230,0
DA:247,6578
DA:250,6579
DA:256,4035
DA:259,0
DA:262,3330
DA:284,2081
DA:289,2081
DA:292,2096
DA:295,2096
DA:337,80648
DA:338,38
DA:339,4056
DA:340,4035
DA:341,2096
DA:342,2081
DA:343,0
DA:344,0
DA:349,0
DA:394,80648
DA:395,38
DA:397,100
DA:398,100
DA:399,682
DA:401,100
DA:402,2802
DA:403,575
DA:405,100
end_of_record
SF:../vc/regfiles.v
DA:20,80648
DA:21,38
DA:25,2081
DA:26,0
DA:30,4056
DA:31,2096
DA:32,0
DA:35,0
DA:43,40305
DA:44,2096
DA:45,2096
DA:150,80648
DA:151,38
DA:155,0
DA:156,6
DA:160,712
DA:161,4
DA:165,4030
DA:166,100
DA:167,18
DA:179,40305
DA:180,2376
DA:181,2376
DA:300,80648
DA:301,38
DA:303,0
DA:304,6
DA:306,712
DA:307,4
DA:309,4030
DA:310,100
DA:311,18
DA:317,6
DA:318,4
end_of_record
SF:../vc/regs.v
DA:42,241944
DA:43,114
DA:44,4177
DA:45,4198
DA:48,120915
DA:49,120915
DA:61,102275
DA:62,57
DA:63,854
DA:64,1430
DA:65,100
DA:68,51109
DA:69,50
DA:70,50
DA:95,80648
DA:96,38
DA:97,0
DA:98,0
DA:99,382
DA:102,40305
DA:103,1673
DA:104,1673
end_of_record
SF:../vc/trace.v
DA:20,1614773
DA:21,893
DA:44,0
DA:45,0
DA:49,0
DA:62,0
DA:63,0
DA:64,0
DA:65,0
DA:71,806940
DA:72,806940
DA:80,0
DA:85,0
DA:86,0
DA:88,0
DA:89,0
DA:90,0
DA:93,0
DA:95,0
DA:96,0
DA:97,0
DA:99,0
DA:100,0
DA:103,0
DA:113,0
DA:118,0
DA:120,0
DA:121,0
DA:123,0
DA:124,0
DA:125,0
DA:126,0
DA:129,0
DA:139,0
DA:145,0
DA:146,0
DA:147,0
DA:149,0
DA:150,0
DA:151,0
DA:152,0
DA:153,0
DA:155,0
DA:156,0
DA:159,0
DA:169,0
DA:175,0
DA:177,0
DA:178,0
DA:179,0
DA:182,0
DA:183,0
DA:184,0
DA:185,0
DA:186,0
DA:187,0
DA:188,0
DA:199,0
DA:206,0
DA:208,0
DA:209,0
DA:210,0
DA:213,0
DA:214,0
DA:216,0
DA:217,0
DA:219,0
DA:220,0
DA:221,0
DA:223,0
DA:224,0
DA:225,0
DA:227,0
DA:228,0
DA:229,0
end_of_record
SF:DropUnit.v
DA:16,80648
DA:17,38
DA:21,516
DA:23,1089
DA:24,6147
DA:25,6448
DA:27,1089
DA:28,5859
DA:29,6540
DA:35,252
DA:36,252
DA:37,6598
DA:47,0
DA:48,154
DA:52,378
DA:53,378
DA:55,120151
DA:57,154
DA:61,84
DA:62,378
DA:64,84
DA:71,0
DA:72,154
DA:76,40151
DA:77,40151
DA:79,154
DA:82,154
DA:83,154
DA:90,40305
DA:92,494
DA:93,494
DA:95,39811
end_of_record
SF:ProcAlt.v
DA:22,49615
DA:23,19
DA:27,2
DA:28,94
DA:29,92
DA:33,8
DA:34,32
DA:35,1400
DA:39,0
DA:40,2232
DA:41,12790
DA:45,0
DA:46,3026
DA:47,3155
DA:51,0
DA:52,1088
DA:53,12586
DA:57,0
DA:58,1146
DA:59,1146
DA:65,0
DA:66,2827
DA:67,0
DA:74,1994
DA:75,0
DA:76,3218
DA:77,0
DA:79,0
DA:106,258
DA:107,0
DA:108,2864
DA:109,3199
DA:131,626
DA:132,0
DA:133,1162
DA:134,626
DA:136,8
DA:137,2
DA:139,0
DA:140,0
DA:141,726
DA:142,284
DA:143,23788
DA:171,32
DA:172,8
DA:173,32
DA:174,32
DA:197,3199
DA:198,6
DA:200,691
DA:201,2
DA:202,66
DA:203,0
DA:204,2
DA:205,254
DA:206,189
DA:208,300
DA:209,346
DA:210,6
DA:211,338
DA:213,4
DA:214,2
DA:215,2
DA:216,0
DA:218,936
DA:219,368
DA:221,0
DA:222,50
DA:223,1996
DA:224,0
DA:228,2
DA:229,1838
DA:230,82
DA:231,334
end_of_record
SF:ProcAltCtrl.v
DA:14,49615
DA:15,19
DA:19,3218
DA:20,0
DA:21,2864
DA:22,3199
DA:23,258
DA:27,1162
DA:28,626
DA:29,1146
DA:30,1146
DA:34,94
DA:35,92
DA:36,32
DA:37,32
DA:41,3199
DA:42,6
DA:44,691
DA:45,2
DA:46,66
DA:47,0
DA:48,2
DA:50,300
DA:51,346
DA:52,6
DA:53,338
DA:54,254
DA:55,189
DA:58,4
DA:59,0
DA:60,2
DA:61,2
DA:63,936
DA:64,368
DA:66,0
DA:67,50
DA:68,1996
DA:69,0
DA:73,2
DA:74,1838
DA:75,82
DA:76,334
DA:80,2827
DA:104,19
DA:105,2405
DA:106,2528
DA:107,2512
DA:108,2827
DA:120,2883
DA:121,221
DA:122,152
DA:123,936
DA:124,0
DA:130,3047
DA:131,691
DA:132,300
DA:133,936
DA:134,0
DA:141,2
DA:142,256
DA:149,258
DA:150,68
DA:168,24798
DA:169,247
DA:170,247
DA:171,2077
DA:172,2077
DA:176,2
DA:177,256
DA:178,2
DA:179,4
DA:183,0
DA:184,128
DA:185,128
DA:186,1
DA:187,1
DA:189,24669
DA:215,3028
DA:223,0
DA:224,0
DA:225,1
DA:226,1
DA:227,1
DA:229,24797
DA:230,24797
DA:231,24797
DA:237,0
DA:238,0
DA:239,1
DA:240,24797
DA:249,24798
DA:250,247
DA:251,247
DA:252,10697
DA:253,13854
DA:258,50
DA:259,0
DA:260,356
DA:261,356
DA:343,2456
DA:344,0
DA:345,2077
DA:346,819
DA:347,346
DA:348,352
DA:349,598
DA:350,1703
DA:351,66
DA:352,278
DA:353,278
DA:354,66
DA:355,0
DA:357,24798
DA:372,24798
DA:373,24798
DA:374,24798
DA:375,24798
DA:376,24798
DA:377,24798
DA:378,24798
DA:379,24798
DA:380,24798
DA:381,24798
DA:382,24798
DA:383,24798
DA:384,24798
DA:390,0
DA:392,0
DA:396,10245
DA:397,10416
DA:398,645
DA:399,125
DA:400,283
DA:401,139
DA:404,0
DA:405,2
DA:406,0
DA:407,0
DA:408,12
DA:409,0
DA:410,0
DA:411,0
DA:412,0
DA:413,0
DA:416,635
DA:417,0
DA:418,0
DA:419,2
DA:420,0
DA:421,0
DA:422,0
DA:423,0
DA:424,1
DA:425,3
DA:426,1
DA:429,263
DA:432,1
DA:433,2
DA:436,2
DA:437,1
DA:438,0
DA:439,0
DA:440,0
DA:441,2020
DA:446,50
DA:451,0
DA:452,0
DA:453,0
DA:454,0
DA:455,0
DA:457,139
DA:458,139
DA:459,283
DA:460,283
DA:461,24798
DA:462,0
DA:463,24798
DA:464,0
DA:465,24798
DA:466,0
DA:475,58
DA:480,0
DA:488,22
DA:496,132
DA:504,146
DA:512,176
DA:534,60
DA:535,136
DA:536,40
DA:567,0
DA:568,30
DA:569,30
DA:570,68
DA:571,68
DA:572,97
DA:573,97
DA:575,24603
DA:579,0
DA:580,10049
DA:581,10049
DA:582,120
DA:583,120
DA:584,19
DA:585,19
DA:587,14610
DA:591,0
DA:592,0
DA:593,1
DA:594,24797
DA:605,2632
DA:611,0
DA:612,0
DA:613,2
DA:614,24796
DA:625,2
DA:626,546
DA:627,1578
DA:628,50
DA:629,278
DA:630,0
DA:631,0
DA:635,24798
DA:636,247
DA:637,247
DA:639,4423
DA:640,4423
DA:641,4423
DA:642,4423
DA:643,4423
DA:644,4423
DA:645,4423
DA:646,4423
DA:647,4423
DA:648,4423
DA:649,4423
DA:654,0
DA:655,0
DA:656,2
DA:657,2
DA:658,2
DA:660,24796
DA:661,125
DA:662,125
DA:663,125
DA:665,2
DA:666,2
DA:667,2
DA:669,1
DA:670,1
DA:671,1
DA:673,0
DA:674,0
DA:675,0
DA:677,0
DA:678,0
DA:679,0
DA:681,24668
DA:682,0
DA:683,0
DA:685,24668
DA:686,24668
DA:687,24668
DA:694,0
DA:695,0
DA:696,19926
DA:697,4872
DA:719,2824
DA:725,0
DA:726,0
DA:727,19926
DA:728,4872
DA:732,0
DA:733,0
DA:734,19926
DA:735,1
DA:736,2
DA:737,4869
DA:748,2
DA:749,284
DA:750,1348
DA:751,50
DA:752,278
DA:753,0
DA:757,24798
DA:758,247
DA:759,247
DA:761,637
DA:762,23914
DA:763,23914
DA:764,23914
DA:765,23914
DA:766,23914
DA:767,23914
DA:768,23914
DA:769,23914
DA:786,2838
DA:797,2
DA:798,278
DA:799,1348
DA:800,0
DA:804,24798
DA:805,247
DA:806,247
DA:808,0
DA:809,24551
DA:810,24551
DA:811,24551
DA:812,24551
DA:813,24551
DA:814,24551
end_of_record
SF:ProcAltDpath.v
DA:24,49615
DA:25,19
DA:29,0
DA:30,0
DA:34,8
DA:35,2
DA:36,170
DA:40,2
DA:41,8
DA:45,258
DA:47,3199
DA:48,6
DA:50,691
DA:51,2
DA:52,66
DA:53,0
DA:54,2
DA:55,254
DA:56,189
DA:58,300
DA:59,346
DA:60,6
DA:63,4
DA:64,0
DA:65,2
DA:66,2
DA:68,936
DA:69,368
DA:71,0
DA:72,50
DA:73,1996
DA:74,0
DA:78,2
DA:79,1838
DA:80,82
DA:81,334
DA:85,0
DA:86,0
DA:104,19
DA:105,0
DA:106,0
DA:107,277
DA:108,277
DA:109,8
DA:142,19
DA:143,50
DA:144,0
DA:145,356
DA:146,396
DA:147,8
DA:148,8
DA:149,8
DA:192,2
DA:193,2
DA:194,8
DA:209,4
DA:210,231
DA:212,2
DA:214,0
DA:227,2
DA:277,4
DA:278,0
DA:307,4
DA:308,230
DA:309,19
DA:356,8
DA:357,8
DA:358,19
DA:385,8
DA:396,170
DA:397,8
DA:413,8
DA:432,0
end_of_record
SF:ProcBase.v
DA:22,31033
DA:23,19
DA:27,2
DA:28,95
DA:29,94
DA:33,10
DA:34,34
DA:35,472
DA:39,0
DA:40,2549
DA:41,8220
DA:45,0
DA:46,3121
DA:47,3293
DA:51,0
DA:52,1078
DA:53,7892
DA:57,0
DA:58,1142
DA:59,1142
DA:65,0
DA:66,2831
DA:67,0
DA:75,2041
DA:76,0
DA:77,3360
DA:78,0
DA:80,2
DA:107,258
DA:108,0
DA:109,2995
DA:110,3341
DA:132,602
DA:133,0
DA:134,1152
DA:135,602
DA:137,10
DA:138,2
DA:140,0
DA:141,0
DA:142,713
DA:143,589
DA:144,14205
DA:172,34
DA:173,10
DA:174,34
DA:175,34
DA:198,3341
DA:199,6
DA:201,1085
DA:202,2
DA:203,68
DA:204,0
DA:205,2
DA:207,418
DA:208,348
DA:209,6
DA:210,338
DA:212,2
DA:213,2
DA:214,2
DA:215,3
DA:217,942
DA:218,362
DA:220,0
DA:221,50
DA:222,2034
DA:223,0
DA:227,2
DA:228,1619
DA:229,80
DA:230,332
end_of_record
SF:ProcBaseCtrl.v
DA:14,31033
DA:15,19
DA:19,3360
DA:20,0
DA:21,2995
DA:22,3341
DA:23,258
DA:27,1152
DA:28,602
DA:29,1142
DA:30,1142
DA:34,95
DA:35,94
DA:36,34
DA:37,34
DA:41,3341
DA:42,6
DA:44,1085
DA:45,2
DA:46,68
DA:47,0
DA:48,2
DA:50,418
DA:51,348
DA:52,6
DA:53,338
DA:56,2
DA:57,3
DA:58,2
DA:59,2
DA:61,942
DA:62,362
DA:64,0
DA:65,50
DA:66,2034
DA:67,0
DA:71,2
DA:72,1619
DA:73,80
DA:74,332
DA:78,2831
DA:102,19
DA:103,2266
DA:104,2641
DA:105,2626
DA:106,2831
DA:118,3014
DA:119,680
DA:120,149
DA:121,942
DA:122,0
DA:128,3301
DA:129,1085
DA:130,418
DA:131,942
DA:132,0
DA:139,2
DA:140,256
DA:147,258
DA:148,196
DA:166,15507
DA:167,247
DA:168,247
DA:169,2153
DA:170,2153
DA:174,2
DA:175,256
DA:176,2
DA:177,4
DA:181,0
DA:182,129
DA:183,129
DA:184,1
DA:185,1
DA:187,15377
DA:213,3282
DA:221,0
DA:222,0
DA:223,1
DA:224,1
DA:225,1
DA:227,15506
DA:228,15506
DA:229,15506
DA:235,0
DA:236,0
DA:237,1
DA:238,15506
DA:247,15507
DA:248,247
DA:249,247
DA:250,3914
DA:251,3914
DA:256,50
DA:257,0
DA:258,356
DA:259,356
DA:341,2285
DA:342,0
DA:343,1831
DA:344,771
DA:345,348
DA:346,352
DA:347,592
DA:348,1733
DA:349,68
DA:350,280
DA:351,280
DA:352,68
DA:353,0
DA:355,15507
DA:370,15507
DA:371,15507
DA:372,15507
DA:373,15507
DA:374,15507
DA:375,15507
DA:376,15507
DA:377,15507
DA:378,15507
DA:379,15507
DA:380,15507
DA:381,15507
DA:382,15507
DA:388,0
DA:390,0
DA:394,380
DA:395,616
DA:396,635
DA:397,322
DA:398,280
DA:399,143
DA:402,0
DA:403,9975
DA:404,0
DA:405,0
DA:406,12
DA:407,0
DA:408,0
DA:409,0
DA:410,0
DA:411,0
DA:414,640
DA:415,0
DA:416,0
DA:417,8
DA:418,0
DA:419,0
DA:420,0
DA:421,0
DA:422,1
DA:423,3
DA:424,1
DA:427,568
DA:430,1
DA:431,3
DA:434,2
DA:435,1
DA:436,0
DA:437,0
DA:438,0
DA:439,1916
DA:444,50
DA:449,0
DA:450,0
DA:451,0
DA:452,0
DA:453,0
DA:455,143
DA:456,143
DA:457,280
DA:458,280
DA:459,15507
DA:460,0
DA:461,15507
DA:462,0
DA:463,15507
DA:464,0
DA:471,58
DA:476,58
DA:483,188
DA:490,354
DA:497,324
DA:504,398
DA:511,406
DA:518,622
DA:531,0
DA:532,0
DA:533,1
DA:534,15506
DA:545,2759
DA:551,0
DA:552,0
DA:553,9975
DA:554,5532
DA:565,2
DA:566,540
DA:567,1533
DA:568,50
DA:569,280
DA:570,0
DA:571,0
DA:575,15507
DA:576,247
DA:577,247
DA:579,292
DA:580,14968
DA:581,14968
DA:582,14968
DA:583,14968
DA:584,14968
DA:585,14968
DA:586,14968
DA:587,14968
DA:588,14968
DA:589,14968
DA:594,0
DA:595,0
DA:596,3
DA:597,3
DA:598,3
DA:600,15504
DA:601,125
DA:602,125
DA:603,125
DA:605,2
DA:606,2
DA:607,2
DA:609,1
DA:610,1
DA:611,1
DA:613,0
DA:614,0
DA:615,0
DA:617,0
DA:618,0
DA:619,0
DA:621,15376
DA:622,0
DA:623,0
DA:625,15376
DA:626,15376
DA:627,15376
DA:634,0
DA:635,0
DA:636,9980
DA:637,5527
DA:659,3057
DA:665,0
DA:666,0
DA:667,9980
DA:668,5527
DA:672,0
DA:673,0
DA:674,9980
DA:675,1
DA:676,3
DA:677,5523
DA:688,2
DA:689,284
DA:690,1297
DA:691,50
DA:692,280
DA:693,0
DA:697,15507
DA:698,247
DA:699,247
DA:701,633
DA:702,14627
DA:703,14627
DA:704,14627
DA:705,14627
DA:706,14627
DA:707,14627
DA:708,14627
DA:709,14627
DA:726,2846
DA:737,2
DA:738,280
DA:739,1297
DA:740,0
DA:744,15507
DA:745,247
DA:746,247
DA:748,0
DA:749,15260
DA:750,15260
DA:751,15260
DA:752,15260
DA:753,15260
DA:754,15260
end_of_record
SF:ProcBaseDpath.v
DA:24,31033
DA:25,19
DA:29,2
DA:30,0
DA:34,10
DA:35,2
DA:36,170
DA:40,2
DA:41,10
DA:45,258
DA:47,3341
DA:48,6
DA:50,1085
DA:51,2
DA:52,68
DA:53,0
DA:54,2
DA:56,418
DA:57,348
DA:58,6
DA:61,2
DA:62,3
DA:63,2
DA:64,2
DA:66,942
DA:67,362
DA:69,0
DA:70,50
DA:71,2034
DA:72,0
DA:76,2
DA:77,1619
DA:78,80
DA:79,332
DA:83,0
DA:84,0
DA:102,19
DA:103,2
DA:104,2
DA:105,277
DA:106,277
DA:107,10
DA:140,21
DA:141,50
DA:142,0
DA:143,356
DA:144,396
DA:183,4
DA:184,2
DA:185,10
DA:200,4
DA:201,228
DA:203,2
DA:205,0
DA:247,4
DA:248,0
DA:277,4
DA:278,228
DA:279,21
DA:326,10
DA:327,10
DA:328,21
DA:355,10
DA:366,170
DA:367,10
DA:383,10
DA:402,0
end_of_record
SF:ProcDpathAlu.v
DA:12,8
DA:13,458
DA:14,694
DA:15,18
DA:16,3457
DA:17,162
DA:18,666
DA:21,0
DA:23,0
DA:24,38545
DA:25,0
DA:26,34
DA:27,0
DA:28,0
DA:29,0
DA:30,2
DA:31,873
DA:32,0
DA:33,0
DA:34,0
DA:35,282
DA:36,569
DA:38,0
end_of_record
SF:ProcDpathImmGen.v
DA:11,4
DA:12,4
DA:13,792
DA:16,0
DA:17,0
DA:18,39011
DA:19,39011
DA:21,831
DA:22,831
DA:24,453
DA:25,453
DA:27,8
DA:28,8
DA:30,2
DA:31,2
DA:33,0
DA:34,0
end_of_record
SF:ProcFLMultiCycle.v
DA:20,21627
DA:21,19
DA:25,2
DA:26,96
DA:27,96
DA:31,2
DA:32,34
DA:33,930
DA:37,0
DA:38,3696
DA:39,5806
DA:43,0
DA:44,3671
DA:45,3679
DA:49,0
DA:50,1210
DA:51,5422
DA:55,0
DA:56,1210
DA:57,1210
DA:63,0
DA:64,0
DA:65,0
DA:73,0
DA:74,0
DA:75,0
DA:76,0
DA:78,19
DA:91,572
DA:92,0
DA:93,1210
DA:94,572
DA:96,0
DA:97,0
DA:98,176
DA:125,34
DA:126,2
DA:127,34
DA:128,34
DA:148,0
DA:149,50
DA:150,0
DA:151,252
DA:152,16
DA:153,0
DA:154,252
DA:166,0
DA:167,19
DA:168,0
DA:169,2
DA:170,2
DA:171,3670
DA:175,3570
DA:176,3570
DA:178,3570
DA:182,3
DA:183,3
DA:185,3
DA:189,609
DA:190,609
DA:192,609
DA:196,378
DA:197,378
DA:199,378
DA:203,12
DA:204,12
DA:206,12
DA:210,3
DA:211,3
DA:213,3
DA:220,0
DA:221,0
DA:222,0
DA:223,0
DA:224,0
DA:225,0
DA:226,0
DA:227,0
DA:228,0
DA:229,0
DA:230,0
DA:231,0
DA:232,0
DA:233,0
DA:234,0
DA:235,0
DA:236,38
DA:237,76
DA:238,76
DA:240,38
DA:241,1854
DA:242,1854
DA:244,2737
DA:245,2737
DA:246,2737
DA:247,888
DA:248,1849
DA:250,888
DA:252,2795
DA:253,2795
DA:254,959
DA:255,1836
DA:256,1836
DA:258,959
DA:259,959
DA:262,1980
DA:263,1980
DA:264,1980
DA:265,1980
DA:266,193
DA:267,193
DA:268,193
DA:269,144
DA:270,144
DA:271,435
DA:272,435
DA:273,435
DA:276,0
DA:277,0
DA:278,0
DA:279,0
DA:281,17
DA:282,0
DA:283,17
DA:284,17
DA:285,0
DA:286,0
DA:287,0
DA:288,0
DA:292,207
DA:293,207
DA:295,0
DA:296,0
DA:298,0
DA:299,0
DA:301,0
DA:302,0
DA:304,12
DA:305,12
DA:307,0
DA:308,0
DA:310,0
DA:311,0
DA:313,2
DA:314,2
DA:316,784
DA:317,784
DA:319,0
DA:320,0
DA:322,0
DA:323,0
DA:325,2
DA:326,2
DA:328,0
DA:329,0
DA:331,0
DA:332,0
DA:334,0
DA:335,0
DA:337,0
DA:338,0
DA:340,0
DA:341,0
DA:343,0
DA:344,0
DA:346,0
DA:347,0
DA:349,1
DA:350,1
DA:352,3
DA:353,3
DA:355,1
DA:356,1
DA:358,402
DA:359,402
DA:360,402
DA:361,402
DA:362,402
DA:363,0
DA:364,402
DA:365,0
DA:366,0
DA:367,0
DA:370,203
DA:371,203
DA:372,203
DA:373,203
DA:374,203
DA:375,0
DA:376,203
DA:377,0
DA:378,0
DA:379,0
DA:382,1
DA:383,1
DA:384,1
DA:386,2
DA:387,2
DA:388,2
DA:390,2
DA:391,0
DA:393,125
DA:394,2
DA:395,123
DA:398,1
DA:399,0
DA:401,0
DA:402,0
DA:404,0
DA:405,0
DA:407,0
DA:408,0
DA:410,22
DA:413,0
DA:414,1210
DA:415,1210
DA:416,813
DA:417,813
DA:418,402
DA:419,402
DA:420,402
DA:421,411
DA:422,411
DA:425,397
DA:426,397
DA:427,194
DA:428,194
DA:429,194
DA:436,5505
DA:438,5505
DA:443,10804
DA:444,10804
DA:445,10804
DA:446,10804
DA:449,1835
DA:450,1835
DA:452,10804
DA:453,10804
DA:454,10804
DA:455,247
DA:456,247
end_of_record
SF:lab1_imul/IntMulAlt.v
DA:20,80648
DA:21,38
DA:23,6
DA:24,4
DA:25,8
DA:27,4
DA:28,3
DA:29,0
DA:36,4
DA:37,6
DA:51,40305
DA:52,40305
DA:90,80648
DA:91,38
DA:93,6
DA:94,6
DA:95,8
DA:97,44
DA:98,3
DA:99,0
DA:101,8
DA:104,3
DA:105,8
DA:112,40305
DA:113,494
DA:114,494
DA:115,494
DA:116,494
DA:117,494
DA:118,494
DA:119,494
DA:120,494
DA:122,3
DA:123,3
DA:124,3
DA:125,3
DA:126,3
DA:127,3
DA:128,3
DA:129,3
DA:131,12
DA:132,12
DA:133,12
DA:134,12
DA:135,12
DA:136,12
DA:139,39796
DA:140,39796
DA:141,39796
DA:146,15
DA:148,15
DA:149,109214
DA:150,0
DA:151,0
DA:152,0
DA:153,1050
DA:154,1620
DA:155,68913
DA:156,61200
DA:163,8
DA:164,0
DA:165,8
DA:174,8
DA:175,248
DA:176,224
DA:185,459
DA:186,248
DA:187,508
end_of_record
SF:tb_Proc.v
DA:24,0
DA:26,57
DA:27,6
DA:28,285
DA:29,282
DA:33,22
DA:34,100
DA:35,2802
DA:39,0
DA:40,8477
DA:41,26816
DA:45,0
DA:46,9818
DA:47,10127
DA:51,0
DA:52,3376
DA:53,25900
DA:57,0
DA:58,3498
DA:59,3498
DA:65,0
DA:66,5658
DA:67,0
DA:69,54
DA:70,56
DA:71,57
DA:208,0
DA:211,57
DA:212,57
DA:213,57
DA:214,57
DA:217,57
DA:218,57
DA:219,57
DA:220,57
DA:221,57
DA:223,0
DA:224,57
DA:225,57
DA:226,57
DA:227,57
DA:229,57
DA:230,57
DA:231,57
DA:232,57
DA:233,57
DA:234,57
DA:238,54
DA:239,54
DA:240,54
DA:253,50788
DA:254,54
DA:255,54
DA:256,54
DA:257,54
DA:258,54
DA:259,54
DA:260,54
DA:262,54
DA:263,54
DA:264,54
DA:265,54
DA:266,54
DA:269,3
DA:270,3
DA:271,51166
DA:273,3
DA:274,3
DA:277,57
DA:278,3
DA:279,54
DA:280,54
DA:281,3
DA:282,3
DA:283,3
DA:289,51166
DA:290,51166
DA:291,51166
DA:293,0
end_of_record
SF:tinyrv2_encoding.v
DA:145,0
DA:146,0
DA:148,0
DA:152,0
DA:153,0
DA:155,0
DA:159,0
DA:160,0
DA:162,0
DA:166,0
DA:167,0
DA:169,0
DA:173,0
DA:174,0
DA:176,0
DA:180,0
DA:181,0
DA:183,0
DA:191,0
DA:192,0
DA:193,0
DA:194,0
DA:195,0
DA:197,0
DA:198,0
DA:199,0
DA:200,0
DA:201,0
DA:203,0
DA:204,0
DA:208,0
DA:209,0
DA:210,0
DA:211,0
DA:213,0
DA:217,0
DA:218,0
DA:220,0
DA:222,0
DA:223,0
DA:225,0
DA:227,0
DA:228,0
DA:230,0
DA:232,0
DA:233,0
DA:234,0
DA:235,0
DA:236,0
DA:237,0
DA:238,0
DA:239,0
DA:240,0
DA:241,0
DA:243,0
DA:245,0
DA:249,0
DA:250,0
DA:251,0
DA:252,0
DA:253,0
DA:255,0
DA:256,0
DA:257,0
DA:258,0
DA:259,0
DA:260,0
DA:261,0
DA:262,0
DA:264,0
DA:265,0
DA:266,0
DA:267,0
DA:268,0
DA:269,0
DA:271,0
DA:272,0
DA:273,0
DA:274,0
DA:275,0
DA:276,0
DA:278,0
DA:279,0
DA:281,0
DA:282,0
DA:284,0
DA:285,0
DA:287,0
DA:288,0
DA:289,0
DA:290,0
DA:291,0
DA:292,0
DA:294,0
DA:295,0
DA:305,0
DA:306,0
DA:308,0
DA:309,0
DA:310,0
DA:311,0
DA:313,0
DA:314,0
DA:315,0
DA:316,0
DA:317,0
DA:318,0
DA:319,0
DA:320,0
DA:322,0
DA:323,0
DA:324,0
DA:325,0
DA:326,0
DA:327,0
DA:329,0
DA:330,0
DA:331,0
DA:332,0
DA:333,0
DA:334,0
DA:336,0
DA:337,0
DA:339,0
DA:340,0
DA:342,0
DA:343,0
DA:345,0
DA:346,0
DA:347,0
DA:348,0
DA:349,0
DA:350,0
DA:352,0
DA:354,0
DA:370,2
DA:374,2
DA:375,50
DA:376,0
DA:377,252
DA:378,16
DA:379,0
DA:380,252
end_of_record
