TN:verilator_coverage
SF:../vc/TestMem_2ports4B.v
DA:26,732
DA:27,0
DA:28,0
DA:29,6
DA:30,0
DA:31,144
DA:40,0
DA:63,3220
DA:64,0
DA:65,0
DA:66,0
DA:67,1146
DA:68,0
DA:77,0
DA:105,72288
DA:106,156
DA:109,156
DA:113,15877
DA:114,124
DA:115,0
DA:119,4598
DA:120,0
DA:121,960
DA:125,11280
DA:126,15150
DA:127,2078
DA:131,4454
DA:132,4908
DA:133,1118
DA:193,15723
DA:194,11143
DA:195,0
DA:216,4598
DA:217,2484
DA:218,732
DA:243,0
DA:244,0
DA:245,158
DA:246,0
DA:247,0
DA:259,0
DA:260,0
DA:261,0
DA:262,0
DA:263,144
DA:278,6
DA:279,0
DA:281,0
DA:282,0
DA:283,0
DA:284,0
DA:287,156
DA:288,156
DA:294,156
DA:295,5583
DA:296,5583
DA:297,5583
DA:298,5583
DA:299,5583
DA:300,5583
DA:304,5583
DA:305,5583
DA:308,5583
DA:309,22332
DA:317,156
DA:318,156
DA:343,156
DA:344,6078
DA:345,6078
DA:346,6078
DA:347,6078
DA:348,6078
DA:349,6078
DA:350,6078
DA:351,6078
DA:352,6078
DA:370,0
DA:375,0
DA:386,158
DA:389,0
DA:394,0
DA:397,0
DA:400,744
DA:403,0
DA:408,24
DA:411,24
DA:414,252
DA:417,252
DA:423,0
DA:427,2144
DA:434,0
DA:439,0
DA:453,156
DA:454,36534
DA:455,36534
DA:456,2340
DA:457,2340
DA:459,0
DA:460,0
DA:464,0
DA:466,0
DA:467,0
DA:469,34194
DA:471,0
DA:472,0
DA:476,1080
DA:479,1080
DA:480,4320
DA:484,34194
DA:485,0
DA:486,0
DA:487,0
DA:488,0
DA:489,0
DA:493,34194
DA:494,0
DA:495,0
DA:496,0
DA:497,0
DA:498,0
DA:504,36066
DA:513,2028
DA:514,2028
DA:515,0
DA:516,0
DA:518,2028
DA:521,0
DA:522,34038
DA:524,34038
DA:525,0
DA:528,1080
DA:529,1080
DA:532,34038
DA:533,0
DA:536,34038
DA:537,0
DA:547,2078
DA:559,1139
DA:624,36066
DA:625,2028
DA:626,0
DA:627,0
DA:628,0
DA:629,0
end_of_record
SF:../vc/TestRandDelay.v
DA:18,144576
DA:19,312
DA:23,0
DA:27,462
DA:28,3914
DA:29,1388
DA:33,2148
DA:34,124
DA:35,960
DA:44,0
DA:46,72132
DA:47,72132
DA:48,0
DA:50,72132
DA:55,2152
DA:56,2152
DA:57,0
DA:77,190
DA:88,2152
DA:89,2152
DA:91,72132
DA:92,4056
DA:93,4056
DA:95,68076
DA:96,68076
DA:104,200848
DA:108,200848
DA:110,200848
DA:116,94262
DA:117,3222
DA:118,3222
DA:125,14437
DA:126,3136
DA:127,3136
DA:138,167172
DA:140,167172
DA:142,94262
DA:143,94262
DA:144,94262
DA:145,94262
DA:146,94262
DA:149,11851
DA:150,11851
DA:151,11851
DA:152,11851
DA:153,11851
DA:156,0
DA:157,0
DA:158,0
DA:159,0
DA:160,0
DA:166,72132
DA:167,72132
DA:169,60755
DA:170,60755
DA:171,60755
DA:174,11377
DA:175,11377
DA:176,11377
DA:179,0
DA:180,0
DA:181,0
DA:199,72132
DA:200,4056
DA:201,0
DA:202,0
DA:203,0
DA:204,0
DA:205,0
end_of_record
SF:../vc/TestRandDelayMem_2ports4B.v
DA:32,72288
DA:33,156
DA:37,156
DA:41,0
DA:45,13822
DA:46,19725
DA:47,0
DA:51,4454
DA:52,16883
DA:53,1388
DA:57,14898
DA:58,9911
DA:59,3320
DA:63,4600
DA:64,4364
DA:65,512
DA:72,15877
DA:73,124
DA:74,0
DA:76,4598
DA:77,0
DA:78,960
DA:81,11280
DA:82,15150
DA:83,2078
DA:85,4454
DA:86,4908
DA:87,1118
DA:161,156
DA:162,156
DA:163,156
DA:166,156
DA:167,156
DA:168,156
end_of_record
SF:../vc/TestRandDelaySinkFile.v
DA:17,72288
DA:18,156
DA:22,0
DA:26,150
DA:27,1934
DA:28,768
DA:32,156
DA:39,180
DA:40,102
DA:41,48
DA:75,156
DA:76,156
DA:77,156
end_of_record
SF:../vc/TestRandDelaySourceFile.v
DA:16,72288
DA:17,156
DA:21,0
DA:25,1968
DA:26,1980
DA:27,396
DA:31,156
DA:38,312
DA:39,1980
DA:40,294
DA:54,156
DA:55,156
DA:56,156
end_of_record
SF:../vc/TestSinkFile.v
DA:20,72288
DA:21,156
DA:25,180
DA:26,102
DA:27,48
DA:31,156
DA:52,180
DA:53,0
DA:54,0
DA:55,0
DA:68,156
DA:69,36066
DA:70,36066
DA:71,0
DA:72,156
DA:73,156
DA:76,156
DA:77,93
DA:78,93
DA:79,93
DA:82,93
DA:84,93
DA:85,93
DA:95,0
DA:98,36066
DA:114,180
DA:121,0
DA:122,0
DA:124,36
DA:127,36066
DA:128,2028
DA:129,2028
DA:131,93
DA:133,93
DA:134,93
DA:135,93
DA:136,93
DA:137,93
DA:139,0
DA:140,0
DA:141,0
DA:142,0
DA:143,0
DA:145,0
DA:146,0
DA:147,0
DA:148,0
DA:149,0
DA:150,0
DA:151,0
DA:152,0
DA:153,0
DA:154,0
DA:155,0
DA:156,0
DA:165,156
DA:166,0
DA:167,0
DA:168,0
DA:169,0
DA:177,36066
DA:178,2028
DA:179,0
DA:180,0
end_of_record
SF:../vc/TestSourceFile.v
DA:16,72288
DA:17,156
DA:21,312
DA:22,1980
DA:23,294
DA:27,156
DA:49,1980
DA:50,63
DA:51,60
DA:52,24
DA:65,156
DA:66,36066
DA:67,36066
DA:69,0
DA:71,156
DA:72,156
DA:74,156
DA:75,156
DA:76,834
DA:77,834
DA:80,834
DA:82,834
DA:83,834
DA:115,420
DA:118,36066
DA:119,2184
DA:120,990
DA:133,1980
DA:146,36066
DA:147,2028
DA:148,0
DA:149,0
end_of_record
SF:../vc/arithmetic.v
DA:16,106
DA:17,998
DA:18,0
DA:19,1118
DA:20,1978
DA:69,212
DA:70,108
DA:136,460
DA:137,1002
DA:138,5504
end_of_record
SF:../vc/mem-msgs.v
DA:89,433728
DA:90,936
DA:91,57027
DA:92,73340
DA:93,0
DA:96,0
DA:98,0
DA:100,1524
DA:102,0
DA:104,1468
DA:116,0
DA:311,433728
DA:312,936
DA:313,54730
DA:314,48608
DA:315,0
DA:319,0
DA:321,0
DA:323,0
DA:325,0
DA:327,2422
DA:339,0
end_of_record
SF:../vc/muxes.v
DA:16,268
DA:17,62
DA:18,268
DA:21,38404
DA:22,38404
DA:23,38404
DA:24,1080
DA:25,20750
DA:26,0
DA:40,970
DA:41,1102
DA:42,2090
DA:45,134830
DA:46,134830
DA:47,134830
DA:48,88377
DA:49,14870
DA:50,31583
DA:51,0
DA:65,420
DA:66,12
DA:67,2
DA:70,10138
DA:71,10138
DA:72,10138
DA:73,10002
DA:74,128
DA:75,4
DA:76,4
DA:77,0
end_of_record
SF:../vc/queues.v
DA:38,144576
DA:39,312
DA:41,20475
DA:42,124
DA:44,20321
DA:45,13627
DA:47,16036
DA:48,15967
DA:49,15967
DA:54,15967
DA:55,16036
DA:57,72132
DA:58,72132
DA:70,20475
DA:73,20445
DA:79,15967
DA:82,2038
DA:85,0
DA:124,72288
DA:125,156
DA:126,172
DA:127,172
DA:128,960
DA:129,732
DA:134,732
DA:185,104
DA:187,10077
DA:188,0
DA:190,8290
DA:191,10868
DA:193,5796
DA:194,2957
DA:195,2920
DA:196,5747
DA:197,5747
DA:202,2957
DA:203,2969
DA:213,2920
DA:214,2957
DA:229,0
DA:230,0
DA:247,10077
DA:250,10348
DA:256,5747
DA:259,0
DA:262,5461
DA:284,2920
DA:289,2920
DA:292,2957
DA:295,2957
DA:337,38508
DA:338,104
DA:339,5796
DA:340,5747
DA:341,2957
DA:342,2920
DA:343,0
DA:344,0
DA:349,0
DA:394,38508
DA:395,104
DA:397,186
DA:398,124
DA:399,960
DA:401,150
DA:402,1934
DA:403,732
DA:405,172
end_of_record
SF:../vc/regfiles.v
DA:20,38508
DA:21,104
DA:25,2920
DA:26,0
DA:30,5796
DA:31,2957
DA:32,0
DA:35,0
DA:43,19202
DA:44,2957
DA:45,2957
DA:150,38508
DA:151,104
DA:155,22
DA:156,466
DA:160,788
DA:161,510
DA:165,6652
DA:166,292
DA:167,784
DA:179,19202
DA:180,4142
DA:181,4142
DA:300,38508
DA:301,104
DA:303,22
DA:304,466
DA:306,788
DA:307,510
DA:309,6652
DA:310,292
DA:311,784
DA:317,466
DA:318,510
end_of_record
SF:../vc/regs.v
DA:42,115524
DA:43,312
DA:44,5877
DA:45,5926
DA:48,57606
DA:49,57606
DA:61,72288
DA:62,156
DA:63,1047
DA:64,2380
DA:65,172
DA:68,36066
DA:69,86
DA:70,86
DA:95,38508
DA:96,104
DA:97,60
DA:98,2
DA:99,2160
DA:102,19202
DA:103,5139
DA:104,5139
end_of_record
SF:../vc/trace.v
DA:20,1122828
DA:21,2444
DA:44,0
DA:45,0
DA:49,0
DA:62,0
DA:63,0
DA:64,0
DA:65,0
DA:71,560192
DA:72,560192
DA:80,0
DA:85,0
DA:86,0
DA:88,0
DA:89,0
DA:90,0
DA:93,0
DA:95,0
DA:96,0
DA:97,0
DA:99,0
DA:100,0
DA:103,0
DA:113,0
DA:118,0
DA:120,0
DA:121,0
DA:123,0
DA:124,0
DA:125,0
DA:126,0
DA:129,0
DA:139,0
DA:145,0
DA:146,0
DA:147,0
DA:149,0
DA:150,0
DA:151,0
DA:152,0
DA:153,0
DA:155,0
DA:156,0
DA:159,0
DA:169,0
DA:175,0
DA:177,0
DA:178,0
DA:179,0
DA:182,0
DA:183,0
DA:184,0
DA:185,0
DA:186,0
DA:187,0
DA:188,0
DA:199,0
DA:206,0
DA:208,0
DA:209,0
DA:210,0
DA:213,0
DA:214,0
DA:216,0
DA:217,0
DA:219,0
DA:220,0
DA:221,0
DA:223,0
DA:224,0
DA:225,0
DA:227,0
DA:228,0
DA:229,0
end_of_record
SF:DropUnit.v
DA:16,38508
DA:17,104
DA:21,536
DA:23,2318
DA:24,9425
DA:25,4426
DA:27,2318
DA:28,9175
DA:29,4426
DA:35,286
DA:36,286
DA:37,10159
DA:47,57814
DA:48,543
DA:52,429
DA:53,429
DA:55,56842
DA:57,543
DA:61,114
DA:62,429
DA:64,114
DA:71,19202
DA:72,181
DA:76,19021
DA:78,181
DA:81,181
DA:86,57814
DA:87,543
DA:91,57271
DA:93,543
DA:96,543
DA:102,19202
DA:104,1352
DA:105,1352
DA:107,17850
end_of_record
SF:ProcAlt.v
DA:22,18180
DA:23,52
DA:27,132
DA:28,660
DA:29,660
DA:33,312
DA:34,56
DA:35,472
DA:39,0
DA:40,3847
DA:41,5146
DA:45,0
DA:46,4601
DA:47,1610
DA:51,0
DA:52,1442
DA:53,4158
DA:57,0
DA:58,1510
DA:59,1510
DA:65,0
DA:66,4249
DA:67,1
DA:74,2822
DA:75,0
DA:76,4875
DA:77,0
DA:79,0
DA:106,268
DA:107,0
DA:108,4457
DA:109,1610
DA:131,682
DA:132,0
DA:133,1510
DA:134,682
DA:136,304
DA:137,272
DA:139,9064
DA:140,9064
DA:141,757
DA:142,438
DA:143,7869
DA:171,56
DA:172,314
DA:173,62
DA:174,56
DA:197,4823
DA:198,12
DA:200,1136
DA:201,12
DA:202,506
DA:203,0
DA:204,8
DA:205,694
DA:206,384
DA:208,376
DA:209,1008
DA:210,12
DA:211,554
DA:213,16
DA:214,16
DA:215,16
DA:216,16
DA:218,1144
DA:219,386
DA:221,6
DA:222,146
DA:223,3246
DA:224,2
DA:228,8
DA:229,2922
DA:230,754
DA:231,1140
end_of_record
SF:ProcAltCtrl.v
DA:14,18180
DA:15,52
DA:19,4875
DA:20,0
DA:21,4457
DA:22,1610
DA:23,268
DA:27,1510
DA:28,682
DA:29,1510
DA:30,1510
DA:34,660
DA:35,660
DA:36,62
DA:37,56
DA:41,4823
DA:42,12
DA:44,1136
DA:45,12
DA:46,506
DA:47,0
DA:48,8
DA:50,376
DA:51,1008
DA:52,12
DA:53,554
DA:54,694
DA:55,384
DA:58,16
DA:59,16
DA:60,16
DA:61,16
DA:63,1144
DA:64,386
DA:66,6
DA:67,146
DA:68,3246
DA:69,2
DA:73,8
DA:74,2922
DA:75,754
DA:76,1140
DA:80,4249
DA:104,52
DA:105,3641
DA:106,3904
DA:107,3889
DA:108,4247
DA:120,4405
DA:121,652
DA:122,170
DA:123,1140
DA:124,6
DA:130,4679
DA:131,1136
DA:132,376
DA:133,1144
DA:134,6
DA:141,8
DA:142,260
DA:149,268
DA:150,72
DA:168,9064
DA:169,676
DA:170,676
DA:171,3122
DA:172,3122
DA:176,8
DA:177,260
DA:178,8
DA:179,4
DA:183,9064
DA:184,130
DA:185,130
DA:186,4
DA:187,4
DA:189,8930
DA:215,4731
DA:223,9064
DA:224,9064
DA:225,4
DA:226,4
DA:227,4
DA:229,9060
DA:230,9060
DA:231,9060
DA:237,9064
DA:238,9064
DA:239,8
DA:240,9056
DA:249,9064
DA:250,676
DA:251,676
DA:252,2356
DA:253,6032
DA:258,146
DA:259,14
DA:260,394
DA:261,394
DA:343,3472
DA:344,6
DA:345,3112
DA:346,1684
DA:347,1028
DA:348,600
DA:349,600
DA:350,2768
DA:351,506
DA:352,312
DA:353,306
DA:354,506
DA:355,2
DA:357,9064
DA:372,9064
DA:373,9064
DA:374,9064
DA:375,9064
DA:376,9064
DA:377,9064
DA:378,9064
DA:379,9064
DA:380,9064
DA:381,9064
DA:382,9064
DA:383,9064
DA:384,9064
DA:390,9064
DA:392,9064
DA:396,107
DA:397,535
DA:398,676
DA:399,125
DA:400,2246
DA:401,168
DA:404,7
DA:405,8
DA:406,1
DA:407,4
DA:408,313
DA:409,6
DA:410,5
DA:411,3
DA:412,5
DA:413,4
DA:416,700
DA:417,3
DA:418,3
DA:419,22
DA:420,4
DA:421,3
DA:422,4
DA:423,2
DA:424,4
DA:425,160
DA:426,8
DA:429,415
DA:432,4
DA:433,2
DA:436,1
DA:437,1
DA:438,2
DA:439,1
DA:440,1
DA:441,3511
DA:446,146
DA:451,9064
DA:452,9064
DA:453,9064
DA:454,9064
DA:455,9064
DA:457,165
DA:458,165
DA:459,2246
DA:460,2246
DA:461,1
DA:462,1
DA:463,9064
DA:464,0
DA:465,9064
DA:466,0
DA:475,454
DA:480,24
DA:488,46
DA:496,130
DA:504,158
DA:512,206
DA:535,256
DA:536,316
DA:537,132
DA:568,9064
DA:569,139
DA:570,139
DA:571,217
DA:572,217
DA:573,221
DA:574,221
DA:576,8487
DA:580,9064
DA:581,190
DA:582,190
DA:583,157
DA:584,157
DA:585,61
DA:586,61
DA:588,8656
DA:592,9064
DA:593,9064
DA:594,4
DA:595,9060
DA:606,4057
DA:612,27296
DA:613,27296
DA:614,24
DA:615,27272
DA:626,8
DA:627,554
DA:628,2594
DA:629,146
DA:630,306
DA:631,2
DA:632,6
DA:636,9064
DA:637,676
DA:638,676
DA:640,375
DA:641,8013
DA:642,8013
DA:643,8013
DA:644,8013
DA:645,8013
DA:646,8013
DA:647,8013
DA:648,8013
DA:649,8013
DA:650,8013
DA:655,9064
DA:656,9064
DA:657,2
DA:658,2
DA:659,2
DA:661,9062
DA:662,125
DA:663,125
DA:664,125
DA:666,1
DA:667,1
DA:668,1
DA:670,1
DA:671,1
DA:672,1
DA:674,2
DA:675,2
DA:676,2
DA:678,1
DA:679,1
DA:680,1
DA:682,1
DA:683,1
DA:684,1
DA:686,8931
DA:687,8931
DA:688,8931
DA:695,9064
DA:696,9064
DA:697,134
DA:698,8930
DA:720,4278
DA:726,9064
DA:727,9064
DA:728,134
DA:729,8930
DA:733,9064
DA:734,9064
DA:735,134
DA:736,4
DA:737,2
DA:738,8924
DA:749,8
DA:750,386
DA:751,2366
DA:752,146
DA:753,304
DA:754,2
DA:758,9064
DA:759,676
DA:760,676
DA:762,775
DA:763,7613
DA:764,7613
DA:765,7613
DA:766,7613
DA:767,7613
DA:768,7613
DA:769,7613
DA:770,7613
DA:787,4285
DA:798,8
DA:799,304
DA:800,2366
DA:801,2
DA:805,9064
DA:806,676
DA:807,676
DA:809,19
DA:810,8369
DA:811,8369
DA:812,8369
DA:813,8369
DA:814,8369
DA:815,8369
end_of_record
SF:ProcAltDpath.v
DA:24,18180
DA:25,52
DA:29,0
DA:30,0
DA:34,304
DA:35,272
DA:36,168
DA:40,132
DA:41,314
DA:45,268
DA:47,4823
DA:48,12
DA:50,1136
DA:51,12
DA:52,506
DA:53,0
DA:54,8
DA:55,694
DA:56,384
DA:58,376
DA:59,1008
DA:60,12
DA:63,16
DA:64,16
DA:65,16
DA:66,16
DA:68,1144
DA:69,386
DA:71,6
DA:72,146
DA:73,3246
DA:74,2
DA:78,8
DA:79,2922
DA:80,754
DA:81,1140
DA:85,0
DA:86,1
DA:104,52
DA:105,0
DA:106,0
DA:107,554
DA:108,554
DA:109,304
DA:142,52
DA:143,146
DA:144,14
DA:145,394
DA:146,500
DA:147,314
DA:148,314
DA:149,314
DA:192,230
DA:193,258
DA:194,314
DA:209,226
DA:210,494
DA:212,132
DA:214,0
DA:227,226
DA:277,226
DA:278,2
DA:307,224
DA:308,492
DA:309,52
DA:356,304
DA:357,314
DA:358,52
DA:385,314
DA:396,168
DA:397,314
DA:413,314
DA:432,0
end_of_record
SF:ProcBase.v
DA:22,20328
DA:23,52
DA:27,132
DA:28,660
DA:29,660
DA:33,438
DA:34,38
DA:35,518
DA:39,0
DA:40,4443
DA:41,5722
DA:45,0
DA:46,4824
DA:47,2816
DA:51,0
DA:52,1442
DA:53,4718
DA:57,0
DA:58,1520
DA:59,1284
DA:65,0
DA:66,4234
DA:67,1
DA:75,2925
DA:76,0
DA:77,5202
DA:78,0
DA:80,2
DA:107,268
DA:108,0
DA:109,4718
DA:110,2816
DA:132,766
DA:133,0
DA:134,1514
DA:135,766
DA:137,420
DA:138,252
DA:140,10138
DA:141,10138
DA:142,820
DA:143,1094
DA:144,8224
DA:172,54
DA:173,470
DA:174,62
DA:175,54
DA:198,5150
DA:199,12
DA:201,2300
DA:202,12
DA:203,540
DA:204,0
DA:205,8
DA:207,592
DA:208,986
DA:209,12
DA:210,544
DA:212,16
DA:213,16
DA:214,16
DA:215,32
DA:217,1162
DA:218,364
DA:220,24
DA:221,146
DA:222,3406
DA:223,2
DA:227,8
DA:228,2582
DA:229,1006
DA:230,1452
end_of_record
SF:ProcBaseCtrl.v
DA:14,20328
DA:15,52
DA:19,5202
DA:20,0
DA:21,4718
DA:22,2816
DA:23,268
DA:27,1514
DA:28,766
DA:29,1520
DA:30,1284
DA:34,660
DA:35,660
DA:36,62
DA:37,54
DA:41,5150
DA:42,12
DA:44,2300
DA:45,12
DA:46,540
DA:47,0
DA:48,8
DA:50,592
DA:51,986
DA:52,12
DA:53,544
DA:56,16
DA:57,32
DA:58,16
DA:59,16
DA:61,1162
DA:62,364
DA:64,24
DA:65,146
DA:66,3406
DA:67,2
DA:71,8
DA:72,2582
DA:73,1006
DA:74,1452
DA:78,4234
DA:102,52
DA:103,2990
DA:104,4055
DA:105,4029
DA:106,4232
DA:118,4666
DA:119,1868
DA:120,180
DA:121,1152
DA:122,24
DA:128,5126
DA:129,2300
DA:130,592
DA:131,1162
DA:132,24
DA:139,8
DA:140,260
DA:147,268
DA:148,206
DA:166,10138
DA:167,676
DA:168,676
DA:169,3187
DA:170,3187
DA:174,8
DA:175,260
DA:176,8
DA:177,4
DA:181,10138
DA:182,132
DA:183,132
DA:184,4
DA:185,4
DA:187,10002
DA:213,5178
DA:221,10138
DA:222,10138
DA:223,4
DA:224,4
DA:225,4
DA:227,10134
DA:228,10134
DA:229,10134
DA:235,10138
DA:236,10138
DA:237,6
DA:238,10132
DA:247,10138
DA:248,676
DA:249,676
DA:250,3946
DA:251,5516
DA:256,146
DA:257,8
DA:258,394
DA:259,394
DA:341,2802
DA:342,6
DA:343,2540
DA:344,1460
DA:345,1028
DA:346,590
DA:347,590
DA:348,2616
DA:349,540
DA:350,312
DA:351,306
DA:352,540
DA:353,2
DA:355,10138
DA:370,10138
DA:371,10138
DA:372,10138
DA:373,10138
DA:374,10138
DA:375,10138
DA:376,10138
DA:377,10138
DA:378,10138
DA:379,10138
DA:380,10138
DA:381,10138
DA:382,10138
DA:388,10138
DA:390,10138
DA:394,174
DA:395,1014
DA:396,734
DA:397,317
DA:398,1983
DA:399,209
DA:402,26
DA:403,32
DA:404,4
DA:405,17
DA:406,320
DA:407,22
DA:408,19
DA:409,12
DA:410,18
DA:411,15
DA:414,812
DA:415,11
DA:416,13
DA:417,66
DA:418,17
DA:419,13
DA:420,17
DA:421,8
DA:422,14
DA:423,160
DA:424,6
DA:427,1071
DA:430,4
DA:431,4
DA:434,4
DA:435,4
DA:436,8
DA:437,4
DA:438,4
DA:439,2982
DA:444,146
DA:449,10138
DA:450,10138
DA:451,10138
DA:452,10138
DA:453,10138
DA:455,206
DA:456,206
DA:457,1983
DA:458,1983
DA:459,1
DA:460,1
DA:461,10138
DA:462,0
DA:463,10138
DA:464,0
DA:471,382
DA:479,442
DA:486,790
DA:493,1066
DA:500,566
DA:507,700
DA:514,700
DA:521,1472
DA:534,10138
DA:535,10138
DA:536,4
DA:537,10134
DA:548,4234
DA:554,30518
DA:555,30518
DA:556,96
DA:557,30422
DA:568,8
DA:569,544
DA:570,2302
DA:571,146
DA:572,306
DA:573,2
DA:574,6
DA:578,10138
DA:579,676
DA:580,676
DA:582,556
DA:583,8906
DA:584,8906
DA:585,8906
DA:586,8906
DA:587,8906
DA:588,8906
DA:589,8906
DA:590,8906
DA:591,8906
DA:592,8906
DA:597,10138
DA:598,10138
DA:599,4
DA:600,4
DA:601,4
DA:603,10134
DA:604,125
DA:605,125
DA:606,125
DA:608,1
DA:609,1
DA:610,1
DA:612,1
DA:613,1
DA:614,1
DA:616,2
DA:617,2
DA:618,2
DA:620,1
DA:621,1
DA:622,1
DA:624,1
DA:625,1
DA:626,1
DA:628,10003
DA:629,10003
DA:630,10003
DA:637,10138
DA:638,10138
DA:639,158
DA:640,9980
DA:662,4629
DA:668,10138
DA:669,10138
DA:670,158
DA:671,9980
DA:675,10138
DA:676,10138
DA:677,158
DA:678,4
DA:679,4
DA:680,9972
DA:691,8
DA:692,364
DA:693,2056
DA:694,146
DA:695,304
DA:696,2
DA:700,10138
DA:701,676
DA:702,676
DA:704,813
DA:705,8649
DA:706,8649
DA:707,8649
DA:708,8649
DA:709,8649
DA:710,8649
DA:711,8649
DA:712,8649
DA:734,4281
DA:745,8
DA:746,304
DA:747,2056
DA:748,2
DA:752,10138
DA:753,676
DA:754,676
DA:756,40
DA:757,9422
DA:758,9422
DA:759,9422
DA:760,9422
DA:761,9422
DA:762,9422
end_of_record
SF:ProcBaseDpath.v
DA:24,20328
DA:25,52
DA:29,2
DA:30,0
DA:34,420
DA:35,252
DA:36,168
DA:40,132
DA:41,470
DA:45,268
DA:47,5150
DA:48,12
DA:50,2300
DA:51,12
DA:52,540
DA:53,0
DA:54,8
DA:56,592
DA:57,986
DA:58,12
DA:61,16
DA:62,32
DA:63,16
DA:64,16
DA:66,1162
DA:67,364
DA:69,24
DA:70,146
DA:71,3406
DA:72,2
DA:76,8
DA:77,2582
DA:78,1006
DA:79,1452
DA:83,0
DA:84,1
DA:102,52
DA:103,2
DA:104,2
DA:105,496
DA:106,564
DA:107,420
DA:140,54
DA:141,146
DA:142,8
DA:143,394
DA:144,498
DA:183,236
DA:184,252
DA:185,470
DA:200,236
DA:201,514
DA:203,132
DA:205,0
DA:247,236
DA:248,2
DA:277,236
DA:278,510
DA:279,54
DA:326,420
DA:327,432
DA:328,54
DA:355,416
DA:366,168
DA:367,470
DA:383,470
DA:402,0
end_of_record
SF:ProcDpathAlu.v
DA:12,460
DA:13,1002
DA:14,2016
DA:15,762
DA:16,5504
DA:17,1760
DA:18,2592
DA:21,19202
DA:23,19202
DA:24,11879
DA:25,33
DA:26,489
DA:27,20
DA:28,34
DA:29,33
DA:30,36
DA:31,1532
DA:32,48
DA:33,39
DA:34,35
DA:35,377
DA:36,4647
end_of_record
SF:ProcDpathImmGen.v
DA:11,16
DA:12,16
DA:13,998
DA:16,19202
DA:17,19202
DA:18,16902
DA:19,16902
DA:21,1486
DA:22,1486
DA:24,472
DA:25,472
DA:27,334
DA:28,334
DA:30,8
DA:31,8
end_of_record
SF:ProcFLMultiCycle.v
DA:20,33780
DA:21,52
DA:25,132
DA:26,648
DA:27,660
DA:31,16
DA:32,56
DA:33,944
DA:37,0
DA:38,5532
DA:39,8857
DA:43,0
DA:44,5473
DA:45,5485
DA:49,0
DA:50,1570
DA:51,8007
DA:55,0
DA:56,1570
DA:57,1570
DA:63,0
DA:64,0
DA:65,0
DA:73,0
DA:74,0
DA:75,0
DA:76,0
DA:78,52
DA:91,720
DA:92,0
DA:93,1570
DA:94,720
DA:96,0
DA:97,0
DA:98,84
DA:125,62
DA:126,16
DA:127,62
DA:128,62
DA:148,0
DA:149,146
DA:150,8
DA:151,292
DA:152,376
DA:153,0
DA:154,292
DA:166,0
DA:167,0
DA:168,0
DA:169,8
DA:170,8
DA:171,5460
DA:175,3273
DA:176,3273
DA:178,3273
DA:182,30
DA:183,30
DA:185,30
DA:189,1080
DA:190,1080
DA:192,1080
DA:196,384
DA:197,384
DA:199,384
DA:203,498
DA:204,498
DA:206,498
DA:210,12
DA:211,12
DA:213,12
DA:220,61916
DA:221,61916
DA:222,61916
DA:223,61916
DA:224,61916
DA:225,61916
DA:226,61916
DA:227,61916
DA:228,61916
DA:229,61916
DA:230,61916
DA:231,61916
DA:232,61916
DA:233,61916
DA:234,61916
DA:235,61916
DA:236,2236
DA:237,2236
DA:238,2236
DA:240,59680
DA:241,8236
DA:242,8236
DA:244,17774
DA:245,17774
DA:246,17774
DA:247,6480
DA:248,11294
DA:250,6480
DA:252,18028
DA:253,18028
DA:254,7165
DA:255,10863
DA:256,10863
DA:258,7165
DA:259,7165
DA:262,10977
DA:263,10977
DA:264,10977
DA:265,10977
DA:266,3729
DA:267,3729
DA:268,3729
DA:269,990
DA:270,990
DA:271,2739
DA:272,2739
DA:273,2739
DA:276,0
DA:277,0
DA:278,0
DA:279,0
DA:281,144
DA:282,9
DA:283,135
DA:284,135
DA:285,42
DA:286,42
DA:287,42
DA:288,42
DA:292,909
DA:293,909
DA:295,21
DA:296,21
DA:298,3
DA:299,3
DA:301,12
DA:302,12
DA:304,576
DA:305,576
DA:307,18
DA:308,18
DA:310,15
DA:311,15
DA:313,24
DA:314,24
DA:316,1887
DA:317,1887
DA:319,9
DA:320,9
DA:322,9
DA:323,9
DA:325,66
DA:326,66
DA:328,12
DA:329,12
DA:331,9
DA:332,9
DA:334,9
DA:335,9
DA:337,15
DA:338,15
DA:340,12
DA:341,12
DA:343,12
DA:344,12
DA:346,6
DA:347,6
DA:349,12
DA:350,12
DA:352,480
DA:353,480
DA:355,18
DA:356,18
DA:358,1275
DA:359,1275
DA:360,1275
DA:361,1275
DA:362,1275
DA:363,0
DA:364,1275
DA:365,0
DA:366,0
DA:367,0
DA:370,1080
DA:371,1080
DA:372,1080
DA:373,1080
DA:374,1080
DA:375,0
DA:376,1080
DA:377,0
DA:378,0
DA:379,0
DA:382,12
DA:383,12
DA:384,12
DA:386,6
DA:387,6
DA:388,6
DA:390,3
DA:391,0
DA:393,375
DA:394,6
DA:395,369
DA:398,3
DA:399,0
DA:401,3
DA:402,0
DA:404,6
DA:405,3
DA:407,3
DA:408,0
DA:410,204
DA:413,0
DA:414,4665
DA:415,4665
DA:416,2529
DA:417,2529
DA:418,1254
DA:419,1275
DA:420,1275
DA:421,1254
DA:422,1254
DA:425,2136
DA:426,2136
DA:427,1056
DA:428,1056
DA:429,1056
DA:436,8196
DA:438,8196
DA:443,16864
DA:444,16864
DA:445,16864
DA:446,16864
DA:449,2728
DA:450,2728
DA:452,16864
DA:453,16864
DA:454,16864
DA:455,676
DA:456,676
end_of_record
SF:lab1_imul/IntMulAlt.v
DA:20,38508
DA:21,104
DA:23,32
DA:24,32
DA:25,462
DA:27,32
DA:28,48
DA:29,4
DA:36,32
DA:37,32
DA:51,19202
DA:52,19202
DA:90,38508
DA:91,104
DA:93,32
DA:94,32
DA:95,462
DA:97,136
DA:98,48
DA:99,4
DA:101,462
DA:104,28
DA:105,502
DA:112,19202
DA:113,1352
DA:114,1352
DA:115,1352
DA:116,1352
DA:117,1352
DA:118,1352
DA:119,1352
DA:120,1352
DA:122,16
DA:123,16
DA:124,16
DA:125,16
DA:126,16
DA:127,16
DA:128,16
DA:129,16
DA:131,220
DA:132,220
DA:133,220
DA:134,220
DA:135,220
DA:136,220
DA:139,17614
DA:140,17614
DA:141,17614
DA:146,115864
DA:148,115864
DA:149,91962
DA:150,30
DA:151,78
DA:152,66
DA:153,1662
DA:154,3558
DA:155,11594
DA:156,6914
DA:163,476
DA:164,4
DA:165,502
DA:174,476
DA:175,380
DA:176,582
DA:185,1010
DA:186,380
DA:187,1094
end_of_record
SF:tb_Proc.v
DA:24,0
DA:26,156
DA:27,396
DA:28,1968
DA:29,1980
DA:33,768
DA:34,150
DA:35,1934
DA:39,0
DA:40,13822
DA:41,19725
DA:45,0
DA:46,14898
DA:47,9911
DA:51,0
DA:52,4454
DA:53,16883
DA:57,0
DA:58,4600
DA:59,4364
DA:65,0
DA:66,8483
DA:67,2
DA:69,156
DA:70,156
DA:71,156
DA:208,0
DA:211,156
DA:212,156
DA:213,156
DA:214,156
DA:217,156
DA:218,156
DA:219,156
DA:220,156
DA:221,156
DA:223,0
DA:224,156
DA:225,156
DA:226,156
DA:227,156
DA:229,156
DA:230,156
DA:231,156
DA:232,156
DA:233,156
DA:234,156
DA:238,156
DA:239,156
DA:240,156
DA:253,35130
DA:254,156
DA:255,156
DA:256,156
DA:257,156
DA:258,156
DA:259,156
DA:260,156
DA:262,156
DA:263,156
DA:264,156
DA:265,156
DA:266,156
DA:269,0
DA:270,36222
DA:271,36222
DA:273,0
DA:274,0
DA:277,156
DA:278,0
DA:279,156
DA:280,156
DA:281,0
DA:282,0
DA:283,0
DA:289,36222
DA:290,36222
DA:291,36222
DA:293,0
end_of_record
SF:tinyrv2_encoding.v
DA:145,0
DA:146,0
DA:148,0
DA:152,0
DA:153,0
DA:155,0
DA:159,0
DA:160,0
DA:162,0
DA:166,0
DA:167,0
DA:169,0
DA:173,0
DA:174,0
DA:176,0
DA:180,0
DA:181,0
DA:183,0
DA:191,0
DA:192,0
DA:193,0
DA:194,0
DA:195,0
DA:197,0
DA:198,0
DA:199,0
DA:200,0
DA:201,0
DA:203,0
DA:204,0
DA:208,0
DA:209,0
DA:210,0
DA:211,0
DA:213,0
DA:217,0
DA:218,0
DA:220,0
DA:222,0
DA:223,0
DA:225,0
DA:227,0
DA:228,0
DA:230,0
DA:232,0
DA:233,0
DA:234,0
DA:235,0
DA:236,0
DA:237,0
DA:238,0
DA:239,0
DA:240,0
DA:241,0
DA:243,0
DA:245,0
DA:249,0
DA:250,0
DA:251,0
DA:252,0
DA:253,0
DA:255,0
DA:256,0
DA:257,0
DA:258,0
DA:259,0
DA:260,0
DA:261,0
DA:262,0
DA:264,0
DA:265,0
DA:266,0
DA:267,0
DA:268,0
DA:269,0
DA:271,0
DA:272,0
DA:273,0
DA:274,0
DA:275,0
DA:276,0
DA:278,0
DA:279,0
DA:281,0
DA:282,0
DA:284,0
DA:285,0
DA:287,0
DA:288,0
DA:289,0
DA:290,0
DA:291,0
DA:292,0
DA:294,0
DA:295,0
DA:305,0
DA:306,0
DA:308,0
DA:309,0
DA:310,0
DA:311,0
DA:313,0
DA:314,0
DA:315,0
DA:316,0
DA:317,0
DA:318,0
DA:319,0
DA:320,0
DA:322,0
DA:323,0
DA:324,0
DA:325,0
DA:326,0
DA:327,0
DA:329,0
DA:330,0
DA:331,0
DA:332,0
DA:333,0
DA:334,0
DA:336,0
DA:337,0
DA:339,0
DA:340,0
DA:342,0
DA:343,0
DA:345,0
DA:346,0
DA:347,0
DA:348,0
DA:349,0
DA:350,0
DA:352,0
DA:354,0
DA:370,8
DA:374,8
DA:375,146
DA:376,8
DA:377,292
DA:378,376
DA:379,0
DA:380,292
end_of_record
